ARM GAS  C:\Users\·\AppData\Local\Temp\cc73wcJL.s 			page 1


   1              		.cpu cortex-m3
   2              		.arch armv7-m
   3              		.fpu softvfp
   4              		.eabi_attribute 20, 1
   5              		.eabi_attribute 21, 1
   6              		.eabi_attribute 23, 3
   7              		.eabi_attribute 24, 1
   8              		.eabi_attribute 25, 1
   9              		.eabi_attribute 26, 1
  10              		.eabi_attribute 30, 1
  11              		.eabi_attribute 34, 1
  12              		.eabi_attribute 18, 4
  13              		.file	"bsp_dwt.c"
  14              		.text
  15              	.Ltext0:
  16              		.cfi_sections	.debug_frame
  17              		.file 1 "Bsp/bsp_dwt.c"
  18              		.section	.text.DWT_Init,"ax",%progbits
  19              		.align	1
  20              		.global	DWT_Init
  21              		.syntax unified
  22              		.thumb
  23              		.thumb_func
  25              	DWT_Init:
  26              	.LVL0:
  27              	.LFB65:
   1:Bsp/bsp_dwt.c **** #include "bsp_dwt.h"
   2:Bsp/bsp_dwt.c **** 
   3:Bsp/bsp_dwt.c **** uint32_t CPU_FREQ_Hz;
   4:Bsp/bsp_dwt.c **** 
   5:Bsp/bsp_dwt.c **** void DWT_Init(uint32_t CPU_Freq_mHz)
   6:Bsp/bsp_dwt.c **** {
  28              		.loc 1 6 1 view -0
  29              		.cfi_startproc
  30              		@ args = 0, pretend = 0, frame = 0
  31              		@ frame_needed = 0, uses_anonymous_args = 0
  32              		@ link register save eliminated.
   7:Bsp/bsp_dwt.c ****     /* 使能DWT外设 */
   8:Bsp/bsp_dwt.c ****     CoreDebug->DEMCR |= CoreDebug_DEMCR_TRCENA_Msk;
  33              		.loc 1 8 5 view .LVU1
  34              		.loc 1 8 14 is_stmt 0 view .LVU2
  35 0000 094A     		ldr	r2, .L2
  36 0002 D2F8FC30 		ldr	r3, [r2, #252]
  37              		.loc 1 8 22 view .LVU3
  38 0006 43F08073 		orr	r3, r3, #16777216
  39 000a C2F8FC30 		str	r3, [r2, #252]
   9:Bsp/bsp_dwt.c **** 
  10:Bsp/bsp_dwt.c ****     /* DWT CYCCNT寄存器计数清0 */
  11:Bsp/bsp_dwt.c ****     DWT->CYCCNT = (uint32_t)0u;
  40              		.loc 1 11 5 is_stmt 1 view .LVU4
  41              		.loc 1 11 17 is_stmt 0 view .LVU5
  42 000e 074B     		ldr	r3, .L2+4
  43 0010 0022     		movs	r2, #0
  44 0012 5A60     		str	r2, [r3, #4]
  12:Bsp/bsp_dwt.c **** 
  13:Bsp/bsp_dwt.c ****     /* 使能Cortex-M DWT CYCCNT寄存器 */
  14:Bsp/bsp_dwt.c ****     DWT->CTRL |= DWT_CTRL_CYCCNTENA_Msk;
ARM GAS  C:\Users\·\AppData\Local\Temp\cc73wcJL.s 			page 2


  45              		.loc 1 14 5 is_stmt 1 view .LVU6
  46              		.loc 1 14 8 is_stmt 0 view .LVU7
  47 0014 1A68     		ldr	r2, [r3]
  48              		.loc 1 14 15 view .LVU8
  49 0016 42F00102 		orr	r2, r2, #1
  50 001a 1A60     		str	r2, [r3]
  15:Bsp/bsp_dwt.c **** 
  16:Bsp/bsp_dwt.c ****     CPU_FREQ_Hz = CPU_Freq_mHz * 1000000;
  51              		.loc 1 16 5 is_stmt 1 view .LVU9
  52              		.loc 1 16 32 is_stmt 0 view .LVU10
  53 001c 044B     		ldr	r3, .L2+8
  54 001e 03FB00F0 		mul	r0, r3, r0
  55              	.LVL1:
  56              		.loc 1 16 17 view .LVU11
  57 0022 044B     		ldr	r3, .L2+12
  58 0024 1860     		str	r0, [r3]
  17:Bsp/bsp_dwt.c **** }
  59              		.loc 1 17 1 view .LVU12
  60 0026 7047     		bx	lr
  61              	.L3:
  62              		.align	2
  63              	.L2:
  64 0028 00ED00E0 		.word	-536810240
  65 002c 001000E0 		.word	-536866816
  66 0030 40420F00 		.word	1000000
  67 0034 00000000 		.word	CPU_FREQ_Hz
  68              		.cfi_endproc
  69              	.LFE65:
  71              		.global	__aeabi_ui2f
  72              		.global	__aeabi_fdiv
  73              		.section	.text.DWT_GetDeltaT,"ax",%progbits
  74              		.align	1
  75              		.global	DWT_GetDeltaT
  76              		.syntax unified
  77              		.thumb
  78              		.thumb_func
  80              	DWT_GetDeltaT:
  81              	.LVL2:
  82              	.LFB66:
  18:Bsp/bsp_dwt.c **** 
  19:Bsp/bsp_dwt.c **** float DWT_GetDeltaT(uint32_t *cnt_last)
  20:Bsp/bsp_dwt.c **** {
  83              		.loc 1 20 1 is_stmt 1 view -0
  84              		.cfi_startproc
  85              		@ args = 0, pretend = 0, frame = 8
  86              		@ frame_needed = 0, uses_anonymous_args = 0
  87              		.loc 1 20 1 is_stmt 0 view .LVU14
  88 0000 30B5     		push	{r4, r5, lr}
  89              	.LCFI0:
  90              		.cfi_def_cfa_offset 12
  91              		.cfi_offset 4, -12
  92              		.cfi_offset 5, -8
  93              		.cfi_offset 14, -4
  94 0002 83B0     		sub	sp, sp, #12
  95              	.LCFI1:
  96              		.cfi_def_cfa_offset 24
  97 0004 0446     		mov	r4, r0
ARM GAS  C:\Users\·\AppData\Local\Temp\cc73wcJL.s 			page 3


  21:Bsp/bsp_dwt.c ****     volatile uint32_t cnt_now = DWT->CYCCNT;
  98              		.loc 1 21 5 is_stmt 1 view .LVU15
  99              		.loc 1 21 36 is_stmt 0 view .LVU16
 100 0006 0A4B     		ldr	r3, .L6
 101 0008 5B68     		ldr	r3, [r3, #4]
 102              		.loc 1 21 23 view .LVU17
 103 000a 0193     		str	r3, [sp, #4]
  22:Bsp/bsp_dwt.c ****     float dt = ((uint32_t)(cnt_now - *cnt_last)) / ((float)(CPU_FREQ_Hz));
 104              		.loc 1 22 5 is_stmt 1 view .LVU18
 105              		.loc 1 22 36 is_stmt 0 view .LVU19
 106 000c 0198     		ldr	r0, [sp, #4]
 107              	.LVL3:
 108              		.loc 1 22 38 view .LVU20
 109 000e 2368     		ldr	r3, [r4]
 110              		.loc 1 22 50 view .LVU21
 111 0010 C01A     		subs	r0, r0, r3
 112 0012 FFF7FEFF 		bl	__aeabi_ui2f
 113              	.LVL4:
 114 0016 0546     		mov	r5, r0
 115              		.loc 1 22 53 view .LVU22
 116 0018 064B     		ldr	r3, .L6+4
 117 001a 1868     		ldr	r0, [r3]
 118 001c FFF7FEFF 		bl	__aeabi_ui2f
 119              	.LVL5:
 120 0020 0146     		mov	r1, r0
 121              		.loc 1 22 11 view .LVU23
 122 0022 2846     		mov	r0, r5
 123 0024 FFF7FEFF 		bl	__aeabi_fdiv
 124              	.LVL6:
  23:Bsp/bsp_dwt.c ****     *cnt_last = cnt_now;
 125              		.loc 1 23 5 is_stmt 1 view .LVU24
 126              		.loc 1 23 15 is_stmt 0 view .LVU25
 127 0028 019B     		ldr	r3, [sp, #4]
 128 002a 2360     		str	r3, [r4]
  24:Bsp/bsp_dwt.c ****     return dt;
 129              		.loc 1 24 5 is_stmt 1 view .LVU26
  25:Bsp/bsp_dwt.c **** }
 130              		.loc 1 25 1 is_stmt 0 view .LVU27
 131 002c 03B0     		add	sp, sp, #12
 132              	.LCFI2:
 133              		.cfi_def_cfa_offset 12
 134              		@ sp needed
 135 002e 30BD     		pop	{r4, r5, pc}
 136              	.LVL7:
 137              	.L7:
 138              		.loc 1 25 1 view .LVU28
 139              		.align	2
 140              	.L6:
 141 0030 001000E0 		.word	-536866816
 142 0034 00000000 		.word	CPU_FREQ_Hz
 143              		.cfi_endproc
 144              	.LFE66:
 146              		.global	CPU_FREQ_Hz
 147              		.section	.bss.CPU_FREQ_Hz,"aw",%nobits
 148              		.align	2
 151              	CPU_FREQ_Hz:
 152 0000 00000000 		.space	4
ARM GAS  C:\Users\·\AppData\Local\Temp\cc73wcJL.s 			page 4


 153              		.text
 154              	.Letext0:
 155              		.file 2 "D:/msys64/mingw64/arm-none-eabi/include/machine/_default_types.h"
 156              		.file 3 "D:/msys64/mingw64/arm-none-eabi/include/sys/_stdint.h"
 157              		.file 4 "Drivers/CMSIS/Include/core_cm3.h"
ARM GAS  C:\Users\·\AppData\Local\Temp\cc73wcJL.s 			page 5


DEFINED SYMBOLS
                            *ABS*:00000000 bsp_dwt.c
C:\Users\·\AppData\Local\Temp\cc73wcJL.s:19     .text.DWT_Init:00000000 $t
C:\Users\·\AppData\Local\Temp\cc73wcJL.s:25     .text.DWT_Init:00000000 DWT_Init
C:\Users\·\AppData\Local\Temp\cc73wcJL.s:64     .text.DWT_Init:00000028 $d
C:\Users\·\AppData\Local\Temp\cc73wcJL.s:151    .bss.CPU_FREQ_Hz:00000000 CPU_FREQ_Hz
C:\Users\·\AppData\Local\Temp\cc73wcJL.s:74     .text.DWT_GetDeltaT:00000000 $t
C:\Users\·\AppData\Local\Temp\cc73wcJL.s:80     .text.DWT_GetDeltaT:00000000 DWT_GetDeltaT
C:\Users\·\AppData\Local\Temp\cc73wcJL.s:141    .text.DWT_GetDeltaT:00000030 $d
C:\Users\·\AppData\Local\Temp\cc73wcJL.s:148    .bss.CPU_FREQ_Hz:00000000 $d

UNDEFINED SYMBOLS
__aeabi_ui2f
__aeabi_fdiv
